<?xml version="1.0" encoding="UTF-8"?>
<testng-results ignored="0" total="2" passed="2" failed="0" skipped="0">
  <reporter-output>
  </reporter-output>
  <suite started-at="2023-08-23T15:25:24 IST" name="Default suite" finished-at="2023-08-23T15:25:54 IST" duration-ms="30313">
    <groups>
    </groups>
    <test started-at="2023-08-23T15:25:24 IST" name="Default test" finished-at="2023-08-23T15:25:54 IST" duration-ms="30313">
      <class name="multitest.PracticeTesting">
        <test-method is-config="true" signature="Initialization()[pri:0, instance:multitest.PracticeTesting@2e6a8155]" started-at="2023-08-23T15:25:24 IST" name="Initialization" finished-at="2023-08-23T15:25:32 IST" duration-ms="8147" status="PASS">
          <reporter-output>
          </reporter-output>
        </test-method> <!-- Initialization -->
        <test-method signature="Test1()[pri:0, instance:multitest.PracticeTesting@2e6a8155]" started-at="2023-08-23T15:25:32 IST" name="Test1" finished-at="2023-08-23T15:25:44 IST" duration-ms="11905" status="PASS">
          <reporter-output>
          </reporter-output>
        </test-method> <!-- Test1 -->
        <test-method is-config="true" signature="Cleanup()[pri:0, instance:multitest.PracticeTesting@2e6a8155]" started-at="2023-08-23T15:25:44 IST" name="Cleanup" finished-at="2023-08-23T15:25:44 IST" duration-ms="323" status="PASS">
          <reporter-output>
          </reporter-output>
        </test-method> <!-- Cleanup -->
        <test-method is-config="true" signature="Initialization()[pri:0, instance:multitest.PracticeTesting@2e6a8155]" started-at="2023-08-23T15:25:44 IST" name="Initialization" finished-at="2023-08-23T15:25:51 IST" duration-ms="6756" status="PASS">
          <reporter-output>
          </reporter-output>
        </test-method> <!-- Initialization -->
        <test-method signature="Test2()[pri:0, instance:multitest.PracticeTesting@2e6a8155]" started-at="2023-08-23T15:25:51 IST" name="Test2" finished-at="2023-08-23T15:25:54 IST" duration-ms="2823" status="PASS">
          <reporter-output>
          </reporter-output>
        </test-method> <!-- Test2 -->
        <test-method is-config="true" signature="Cleanup()[pri:0, instance:multitest.PracticeTesting@2e6a8155]" started-at="2023-08-23T15:25:54 IST" name="Cleanup" finished-at="2023-08-23T15:25:54 IST" duration-ms="305" status="PASS">
          <reporter-output>
          </reporter-output>
        </test-method> <!-- Cleanup -->
      </class> <!-- multitest.PracticeTesting -->
    </test> <!-- Default test -->
  </suite> <!-- Default suite -->
</testng-results>
